[ 2016-05-16T15:15:02+08:00 ] 127.0.0.1 /index.php
INFO: [ app_init ] --START--
INFO: Run Behavior\BuildLiteBehavior [ RunTime:0.000414s ]
INFO: [ app_init ] --END-- [ RunTime:0.036258s ]
INFO: [ app_begin ] --START--
INFO: Run Behavior\ReadHtmlCacheBehavior [ RunTime:0.016679s ]
INFO: [ app_begin ] --END-- [ RunTime:0.016866s ]
INFO: [ view_parse ] --START--
INFO: [ template_filter ] --START--
INFO: Run Behavior\ContentReplaceBehavior [ RunTime:0.000080s ]
INFO: [ template_filter ] --END-- [ RunTime:0.000222s ]
NOTIC: [8] Undefined variable: data D:\thinkphp\Shop\Runtime\Cache\Home\4f9978a1457321b98e171887b12c7277.php 第 8 行.
INFO: Run Behavior\ParseTemplateBehavior [ RunTime:0.089906s ]
INFO: [ view_parse ] --END-- [ RunTime:0.090054s ]
INFO: [ view_filter ] --START--
INFO: Run Behavior\WriteHtmlCacheBehavior [ RunTime:0.008212s ]
INFO: [ view_filter ] --END-- [ RunTime:0.008344s ]
INFO: [ app_end ] --START--
INFO: Run Behavior\ShowPageTraceBehavior [ RunTime:0.010301s ]
INFO: [ app_end ] --END-- [ RunTime:0.010444s ]

